<?xml version="1.0" encoding="UTF-8"?>
<testng-results ignored="0" total="0" passed="0" failed="0" skipped="0">
  <reporter-output>
  </reporter-output>
  <suite started-at="2021-03-23T11:31:54 PDT" name="Default suite" finished-at="2021-03-23T11:31:54 PDT" duration-ms="8">
    <groups>
    </groups>
    <test started-at="2021-03-23T11:31:54 PDT" name="Default test" finished-at="2021-03-23T11:31:54 PDT" duration-ms="8">
      <class name="TestNGPackage.SampleClass">
        <test-method is-config="true" signature="beforeSuiteMethod()[pri:0, instance:TestNGPackage.SampleClass@10db82ae]" started-at="2021-03-23T11:31:54 PDT" name="beforeSuiteMethod" finished-at="2021-03-23T11:31:54 PDT" duration-ms="9" status="PASS">
          <reporter-output>
          </reporter-output>
        </test-method> <!-- beforeSuiteMethod -->
        <test-method is-config="true" signature="afterSuiteMEthod()[pri:0, instance:TestNGPackage.SampleClass@10db82ae]" started-at="2021-03-23T11:31:54 PDT" name="afterSuiteMEthod" finished-at="2021-03-23T11:31:54 PDT" duration-ms="0" status="PASS">
          <reporter-output>
          </reporter-output>
        </test-method> <!-- afterSuiteMEthod -->
      </class> <!-- TestNGPackage.SampleClass -->
    </test> <!-- Default test -->
  </suite> <!-- Default suite -->
</testng-results>
